2012-05-22 14:09:52 [ERROR] [ServerSideClient] Message {"model":"Post","object_ids":["some_id"]} received
Faye::2012-05-22 14:12:35 [ERROR] [ServerSideClient] Message {"model":"Post","object_ids":["some_id"]} received
Faye::2012-05-22 14:13:34 [ERROR] [ServerSideClient] Message {"model":"Post","object_ids":["some_id"]} received
Faye::2012-05-22 14:13:50 [ERROR] [ServerSideClient] Message {"model":"Post","object_ids":["some_id"]} received
Faye::2012-05-22 14:14:13 [ERROR] [ServerSideClient] Message {"model":"Post","object_ids":["some_id"]} received
2012-05-22 14:25:22 [ERROR] [SyncServer] Error during event loop: wrong constant name test_channel
2012-05-22 14:25:46 [ERROR] [SyncServer] Error during event loop: wrong constant name test_channel
2012-05-22 14:29:21 [ERROR] [SyncServer] Error during event loop: NameError (wrong constant name test_channel):
["activesupport (3.2.1) lib/active_support/inflector/methods.rb:229:in `const_definednil'", "activesupport (3.2.1) lib/active_support/inflector/methods.rb:229:in `block in constantize'", "activesupport (3.2.1) lib/active_support/inflector/methods.rb:228:in `each'", "activesupport (3.2.1) lib/active_support/inflector/methods.rb:228:in `constantize'", "activesupport (3.2.1) lib/active_support/core_ext/string/inflections.rb:54:in `constantize'", "faye/client.rb:15:in `on_server_message'", "faye/client.rb:10:in `block in subscribe'", "faye (0.8.2) lib/faye/mixins/publisher.rb:25:in `call'", "faye (0.8.2) lib/faye/mixins/publisher.rb:25:in `block in trigger'", "faye (0.8.2) lib/faye/mixins/publisher.rb:25:in `each'", "faye (0.8.2) lib/faye/mixins/publisher.rb:25:in `trigger'", "faye (0.8.2) lib/faye/protocol/channel.rb:117:in `block in distribute_message'", "faye (0.8.2) lib/faye/protocol/channel.rb:115:in `each'", "faye (0.8.2) lib/faye/protocol/channel.rb:115:in `distribute_message'", "faye (0.8.2) lib/faye/protocol/client.rb:362:in `deliver_message'", "faye (0.8.2) lib/faye/protocol/client.rb:298:in `block in receive_message'", "faye (0.8.2) lib/faye/protocol/extensible.rb:23:in `call'", "faye (0.8.2) lib/faye/protocol/extensible.rb:23:in `pipe_through_extensions'", "faye (0.8.2) lib/faye/protocol/client.rb:294:in `receive_message'", "faye (0.8.2) lib/faye/transport/transport.rb:60:in `block in receive'", "faye (0.8.2) lib/faye/transport/transport.rb:60:in `each'", "faye (0.8.2) lib/faye/transport/transport.rb:60:in `receive'", "faye (0.8.2) lib/faye/transport/local.rb:15:in `block in request'", "faye (0.8.2) lib/faye/protocol/server.rb:44:in `call'", "faye (0.8.2) lib/faye/protocol/server.rb:44:in `block in process'", "faye (0.8.2) lib/faye/protocol/server.rb:56:in `call'", "faye (0.8.2) lib/faye/protocol/server.rb:56:in `block (3 levels) in process'", "faye (0.8.2) lib/faye/protocol/extensible.rb:23:in `call'", "faye (0.8.2) lib/faye/protocol/extensible.rb:23:in `pipe_through_extensions'", "faye (0.8.2) lib/faye/protocol/server.rb:53:in `block (2 levels) in process'", "faye (0.8.2) lib/faye/protocol/server.rb:51:in `each'", "faye (0.8.2) lib/faye/protocol/server.rb:51:in `each_with_index'", "faye (0.8.2) lib/faye/protocol/server.rb:51:in `block in process'", "faye (0.8.2) lib/faye/protocol/server.rb:108:in `call'", "faye (0.8.2) lib/faye/protocol/server.rb:108:in `block in handle_meta'", "faye (0.8.2) lib/faye/protocol/server.rb:196:in `call'", "faye (0.8.2) lib/faye/protocol/server.rb:196:in `block (2 levels) in connect'", "eventmachine (0.12.10) lib/em/deferrable.rb:134:in `call'", "eventmachine (0.12.10) lib/em/deferrable.rb:134:in `set_deferred_status'", "faye (0.8.2) lib/faye/engines/connection.rb:36:in `flush!'", "faye (0.8.2) lib/faye/engines/connection.rb:50:in `block in begin_delivery_timeout'", "faye (0.8.2) lib/faye/mixins/timeouts.rb:9:in `call'", "faye (0.8.2) lib/faye/mixins/timeouts.rb:9:in `block in add_timeout'", "eventmachine (0.12.10) lib/eventmachine.rb:256:in `call'", "eventmachine (0.12.10) lib/eventmachine.rb:256:in `run_machine'", "eventmachine (0.12.10) lib/eventmachine.rb:256:in `run'", "faye/server.rb:26:in `run'", "lib/tasks/faye.rake:7:in `block in <top (required)>'", "rake (0.9.2.2) lib/rake/task.rb:205:in `call'", "rake (0.9.2.2) lib/rake/task.rb:205:in `block in execute'", "rake (0.9.2.2) lib/rake/task.rb:200:in `each'", "rake (0.9.2.2) lib/rake/task.rb:200:in `execute'", "rake (0.9.2.2) lib/rake/task.rb:158:in `block in invoke_with_call_chain'", "/Users/samuel/.rvm/rubies/ruby-1.9.3-p125-perf/lib/ruby/1.9.1/monitor.rb:211:in `mon_synchronize'", "rake (0.9.2.2) lib/rake/task.rb:151:in `invoke_with_call_chain'", "rake (0.9.2.2) lib/rake/task.rb:144:in `invoke'", "rake (0.9.2.2) lib/rake/application.rb:116:in `invoke_task'", "rake (0.9.2.2) lib/rake/application.rb:94:in `block (2 levels) in top_level'", "rake (0.9.2.2) lib/rake/application.rb:94:in `each'", "rake (0.9.2.2) lib/rake/application.rb:94:in `block in top_level'", "rake (0.9.2.2) lib/rake/application.rb:133:in `standard_exception_handling'", "rake (0.9.2.2) lib/rake/application.rb:88:in `top_level'", "rake (0.9.2.2) lib/rake/application.rb:66:in `block in run'", "rake (0.9.2.2) lib/rake/application.rb:133:in `standard_exception_handling'", "rake (0.9.2.2) lib/rake/application.rb:63:in `run'", "rake (0.9.2.2) bin/rake:33:in `<top (required)>'", "/Users/samuel/.rvm/gems/ruby-1.9.3-p125-perf@global/bin/rake:19:in `load'", "/Users/samuel/.rvm/gems/ruby-1.9.3-p125-perf@global/bin/rake:19:in `<main>'"]
2012-05-22 14:30:01 [ERROR] [SyncServer] Error during event loop: NameError (wrong constant name test_channel):
activesupport (3.2.1) lib/active_support/inflector/methods.rb:229:in `const_definednil'
    activesupport (3.2.1) lib/active_support/inflector/methods.rb:229:in `block in constantize'
    activesupport (3.2.1) lib/active_support/inflector/methods.rb:228:in `each'
    activesupport (3.2.1) lib/active_support/inflector/methods.rb:228:in `constantize'
    activesupport (3.2.1) lib/active_support/core_ext/string/inflections.rb:54:in `constantize'
    faye/client.rb:15:in `on_server_message'
    faye/client.rb:10:in `block in subscribe'
    faye (0.8.2) lib/faye/mixins/publisher.rb:25:in `call'
    faye (0.8.2) lib/faye/mixins/publisher.rb:25:in `block in trigger'
    faye (0.8.2) lib/faye/mixins/publisher.rb:25:in `each'
    faye (0.8.2) lib/faye/mixins/publisher.rb:25:in `trigger'
    faye (0.8.2) lib/faye/protocol/channel.rb:117:in `block in distribute_message'
    faye (0.8.2) lib/faye/protocol/channel.rb:115:in `each'
    faye (0.8.2) lib/faye/protocol/channel.rb:115:in `distribute_message'
    faye (0.8.2) lib/faye/protocol/client.rb:362:in `deliver_message'
    faye (0.8.2) lib/faye/protocol/client.rb:298:in `block in receive_message'
    faye (0.8.2) lib/faye/protocol/extensible.rb:23:in `call'
    faye (0.8.2) lib/faye/protocol/extensible.rb:23:in `pipe_through_extensions'
    faye (0.8.2) lib/faye/protocol/client.rb:294:in `receive_message'
    faye (0.8.2) lib/faye/transport/transport.rb:60:in `block in receive'
    faye (0.8.2) lib/faye/transport/transport.rb:60:in `each'
    faye (0.8.2) lib/faye/transport/transport.rb:60:in `receive'
    faye (0.8.2) lib/faye/transport/local.rb:15:in `block in request'
    faye (0.8.2) lib/faye/protocol/server.rb:44:in `call'
    faye (0.8.2) lib/faye/protocol/server.rb:44:in `block in process'
    faye (0.8.2) lib/faye/protocol/server.rb:56:in `call'
    faye (0.8.2) lib/faye/protocol/server.rb:56:in `block (3 levels) in process'
    faye (0.8.2) lib/faye/protocol/extensible.rb:23:in `call'
    faye (0.8.2) lib/faye/protocol/extensible.rb:23:in `pipe_through_extensions'
    faye (0.8.2) lib/faye/protocol/server.rb:53:in `block (2 levels) in process'
    faye (0.8.2) lib/faye/protocol/server.rb:51:in `each'
    faye (0.8.2) lib/faye/protocol/server.rb:51:in `each_with_index'
    faye (0.8.2) lib/faye/protocol/server.rb:51:in `block in process'
    faye (0.8.2) lib/faye/protocol/server.rb:108:in `call'
    faye (0.8.2) lib/faye/protocol/server.rb:108:in `block in handle_meta'
    faye (0.8.2) lib/faye/protocol/server.rb:196:in `call'
    faye (0.8.2) lib/faye/protocol/server.rb:196:in `block (2 levels) in connect'
    eventmachine (0.12.10) lib/em/deferrable.rb:134:in `call'
    eventmachine (0.12.10) lib/em/deferrable.rb:134:in `set_deferred_status'
    faye (0.8.2) lib/faye/engines/connection.rb:36:in `flush!'
    faye (0.8.2) lib/faye/engines/connection.rb:50:in `block in begin_delivery_timeout'
    faye (0.8.2) lib/faye/mixins/timeouts.rb:9:in `call'
    faye (0.8.2) lib/faye/mixins/timeouts.rb:9:in `block in add_timeout'
    eventmachine (0.12.10) lib/eventmachine.rb:256:in `call'
    eventmachine (0.12.10) lib/eventmachine.rb:256:in `run_machine'
    eventmachine (0.12.10) lib/eventmachine.rb:256:in `run'
    faye/server.rb:26:in `run'
    lib/tasks/faye.rake:7:in `block in <top (required)>'
    rake (0.9.2.2) lib/rake/task.rb:205:in `call'
    rake (0.9.2.2) lib/rake/task.rb:205:in `block in execute'
    rake (0.9.2.2) lib/rake/task.rb:200:in `each'
    rake (0.9.2.2) lib/rake/task.rb:200:in `execute'
    rake (0.9.2.2) lib/rake/task.rb:158:in `block in invoke_with_call_chain'
    /Users/samuel/.rvm/rubies/ruby-1.9.3-p125-perf/lib/ruby/1.9.1/monitor.rb:211:in `mon_synchronize'
    rake (0.9.2.2) lib/rake/task.rb:151:in `invoke_with_call_chain'
    rake (0.9.2.2) lib/rake/task.rb:144:in `invoke'
    rake (0.9.2.2) lib/rake/application.rb:116:in `invoke_task'
    rake (0.9.2.2) lib/rake/application.rb:94:in `block (2 levels) in top_level'
    rake (0.9.2.2) lib/rake/application.rb:94:in `each'
    rake (0.9.2.2) lib/rake/application.rb:94:in `block in top_level'
    rake (0.9.2.2) lib/rake/application.rb:133:in `standard_exception_handling'
    rake (0.9.2.2) lib/rake/application.rb:88:in `top_level'
    rake (0.9.2.2) lib/rake/application.rb:66:in `block in run'
    rake (0.9.2.2) lib/rake/application.rb:133:in `standard_exception_handling'
    rake (0.9.2.2) lib/rake/application.rb:63:in `run'
    rake (0.9.2.2) bin/rake:33:in `<top (required)>'
    /Users/samuel/.rvm/gems/ruby-1.9.3-p125-perf@global/bin/rake:19:in `load'
    /Users/samuel/.rvm/gems/ruby-1.9.3-p125-perf@global/bin/rake:19:in `<main>'
2012-05-22 14:30:33 [ERROR] [SyncServer] Error during event loop: NameError (wrong constant name test_channel):
    activesupport (3.2.1) lib/active_support/inflector/methods.rb:229:in `const_definednil'
    activesupport (3.2.1) lib/active_support/inflector/methods.rb:229:in `block in constantize'
    activesupport (3.2.1) lib/active_support/inflector/methods.rb:228:in `each'
    activesupport (3.2.1) lib/active_support/inflector/methods.rb:228:in `constantize'
    activesupport (3.2.1) lib/active_support/core_ext/string/inflections.rb:54:in `constantize'
    faye/client.rb:15:in `on_server_message'
    faye/client.rb:10:in `block in subscribe'
    faye (0.8.2) lib/faye/mixins/publisher.rb:25:in `call'
    faye (0.8.2) lib/faye/mixins/publisher.rb:25:in `block in trigger'
    faye (0.8.2) lib/faye/mixins/publisher.rb:25:in `each'
    faye (0.8.2) lib/faye/mixins/publisher.rb:25:in `trigger'
    faye (0.8.2) lib/faye/protocol/channel.rb:117:in `block in distribute_message'
    faye (0.8.2) lib/faye/protocol/channel.rb:115:in `each'
    faye (0.8.2) lib/faye/protocol/channel.rb:115:in `distribute_message'
    faye (0.8.2) lib/faye/protocol/client.rb:362:in `deliver_message'
    faye (0.8.2) lib/faye/protocol/client.rb:298:in `block in receive_message'
    faye (0.8.2) lib/faye/protocol/extensible.rb:23:in `call'
    faye (0.8.2) lib/faye/protocol/extensible.rb:23:in `pipe_through_extensions'
    faye (0.8.2) lib/faye/protocol/client.rb:294:in `receive_message'
    faye (0.8.2) lib/faye/transport/transport.rb:60:in `block in receive'
    faye (0.8.2) lib/faye/transport/transport.rb:60:in `each'
    faye (0.8.2) lib/faye/transport/transport.rb:60:in `receive'
    faye (0.8.2) lib/faye/transport/local.rb:15:in `block in request'
    faye (0.8.2) lib/faye/protocol/server.rb:44:in `call'
    faye (0.8.2) lib/faye/protocol/server.rb:44:in `block in process'
    faye (0.8.2) lib/faye/protocol/server.rb:56:in `call'
    faye (0.8.2) lib/faye/protocol/server.rb:56:in `block (3 levels) in process'
    faye (0.8.2) lib/faye/protocol/extensible.rb:23:in `call'
    faye (0.8.2) lib/faye/protocol/extensible.rb:23:in `pipe_through_extensions'
    faye (0.8.2) lib/faye/protocol/server.rb:53:in `block (2 levels) in process'
    faye (0.8.2) lib/faye/protocol/server.rb:51:in `each'
    faye (0.8.2) lib/faye/protocol/server.rb:51:in `each_with_index'
    faye (0.8.2) lib/faye/protocol/server.rb:51:in `block in process'
    faye (0.8.2) lib/faye/protocol/server.rb:108:in `call'
    faye (0.8.2) lib/faye/protocol/server.rb:108:in `block in handle_meta'
    faye (0.8.2) lib/faye/protocol/server.rb:196:in `call'
    faye (0.8.2) lib/faye/protocol/server.rb:196:in `block (2 levels) in connect'
    eventmachine (0.12.10) lib/em/deferrable.rb:134:in `call'
    eventmachine (0.12.10) lib/em/deferrable.rb:134:in `set_deferred_status'
    faye (0.8.2) lib/faye/engines/connection.rb:36:in `flush!'
    faye (0.8.2) lib/faye/engines/connection.rb:50:in `block in begin_delivery_timeout'
    faye (0.8.2) lib/faye/mixins/timeouts.rb:9:in `call'
    faye (0.8.2) lib/faye/mixins/timeouts.rb:9:in `block in add_timeout'
    eventmachine (0.12.10) lib/eventmachine.rb:256:in `call'
    eventmachine (0.12.10) lib/eventmachine.rb:256:in `run_machine'
    eventmachine (0.12.10) lib/eventmachine.rb:256:in `run'
    faye/server.rb:26:in `run'
    lib/tasks/faye.rake:7:in `block in <top (required)>'
    rake (0.9.2.2) lib/rake/task.rb:205:in `call'
    rake (0.9.2.2) lib/rake/task.rb:205:in `block in execute'
    rake (0.9.2.2) lib/rake/task.rb:200:in `each'
    rake (0.9.2.2) lib/rake/task.rb:200:in `execute'
    rake (0.9.2.2) lib/rake/task.rb:158:in `block in invoke_with_call_chain'
    /Users/samuel/.rvm/rubies/ruby-1.9.3-p125-perf/lib/ruby/1.9.1/monitor.rb:211:in `mon_synchronize'
    rake (0.9.2.2) lib/rake/task.rb:151:in `invoke_with_call_chain'
    rake (0.9.2.2) lib/rake/task.rb:144:in `invoke'
    rake (0.9.2.2) lib/rake/application.rb:116:in `invoke_task'
    rake (0.9.2.2) lib/rake/application.rb:94:in `block (2 levels) in top_level'
    rake (0.9.2.2) lib/rake/application.rb:94:in `each'
    rake (0.9.2.2) lib/rake/application.rb:94:in `block in top_level'
    rake (0.9.2.2) lib/rake/application.rb:133:in `standard_exception_handling'
    rake (0.9.2.2) lib/rake/application.rb:88:in `top_level'
    rake (0.9.2.2) lib/rake/application.rb:66:in `block in run'
    rake (0.9.2.2) lib/rake/application.rb:133:in `standard_exception_handling'
    rake (0.9.2.2) lib/rake/application.rb:63:in `run'
    rake (0.9.2.2) bin/rake:33:in `<top (required)>'
    /Users/samuel/.rvm/gems/ruby-1.9.3-p125-perf@global/bin/rake:19:in `load'
    /Users/samuel/.rvm/gems/ruby-1.9.3-p125-perf@global/bin/rake:19:in `<main>'
2012-05-22 14:31:09 [ERROR] [SyncServer] Error during event loop: NameError (wrong constant name test_channel):
    /Users/samuel/.rvm/gems/ruby-1.9.3-p125-perf@rails32/gems/activesupport-3.2.1/lib/active_support/inflector/methods.rb:229:in `const_definednil'
    /Users/samuel/.rvm/gems/ruby-1.9.3-p125-perf@rails32/gems/activesupport-3.2.1/lib/active_support/inflector/methods.rb:229:in `block in constantize'
    /Users/samuel/.rvm/gems/ruby-1.9.3-p125-perf@rails32/gems/activesupport-3.2.1/lib/active_support/inflector/methods.rb:228:in `each'
    /Users/samuel/.rvm/gems/ruby-1.9.3-p125-perf@rails32/gems/activesupport-3.2.1/lib/active_support/inflector/methods.rb:228:in `constantize'
    /Users/samuel/.rvm/gems/ruby-1.9.3-p125-perf@rails32/gems/activesupport-3.2.1/lib/active_support/core_ext/string/inflections.rb:54:in `constantize'
    /Users/samuel/Documents/rug/2011-2012/thesis/nomad/faye/client.rb:15:in `on_server_message'
    /Users/samuel/Documents/rug/2011-2012/thesis/nomad/faye/client.rb:10:in `block in subscribe'
    /Users/samuel/.rvm/gems/ruby-1.9.3-p125-perf@rails32/gems/faye-0.8.2/lib/faye/mixins/publisher.rb:25:in `call'
    /Users/samuel/.rvm/gems/ruby-1.9.3-p125-perf@rails32/gems/faye-0.8.2/lib/faye/mixins/publisher.rb:25:in `block in trigger'
    /Users/samuel/.rvm/gems/ruby-1.9.3-p125-perf@rails32/gems/faye-0.8.2/lib/faye/mixins/publisher.rb:25:in `each'
    /Users/samuel/.rvm/gems/ruby-1.9.3-p125-perf@rails32/gems/faye-0.8.2/lib/faye/mixins/publisher.rb:25:in `trigger'
    /Users/samuel/.rvm/gems/ruby-1.9.3-p125-perf@rails32/gems/faye-0.8.2/lib/faye/protocol/channel.rb:117:in `block in distribute_message'
    /Users/samuel/.rvm/gems/ruby-1.9.3-p125-perf@rails32/gems/faye-0.8.2/lib/faye/protocol/channel.rb:115:in `each'
    /Users/samuel/.rvm/gems/ruby-1.9.3-p125-perf@rails32/gems/faye-0.8.2/lib/faye/protocol/channel.rb:115:in `distribute_message'
    /Users/samuel/.rvm/gems/ruby-1.9.3-p125-perf@rails32/gems/faye-0.8.2/lib/faye/protocol/client.rb:362:in `deliver_message'
    /Users/samuel/.rvm/gems/ruby-1.9.3-p125-perf@rails32/gems/faye-0.8.2/lib/faye/protocol/client.rb:298:in `block in receive_message'
    /Users/samuel/.rvm/gems/ruby-1.9.3-p125-perf@rails32/gems/faye-0.8.2/lib/faye/protocol/extensible.rb:23:in `call'
    /Users/samuel/.rvm/gems/ruby-1.9.3-p125-perf@rails32/gems/faye-0.8.2/lib/faye/protocol/extensible.rb:23:in `pipe_through_extensions'
    /Users/samuel/.rvm/gems/ruby-1.9.3-p125-perf@rails32/gems/faye-0.8.2/lib/faye/protocol/client.rb:294:in `receive_message'
    /Users/samuel/.rvm/gems/ruby-1.9.3-p125-perf@rails32/gems/faye-0.8.2/lib/faye/transport/transport.rb:60:in `block in receive'
    /Users/samuel/.rvm/gems/ruby-1.9.3-p125-perf@rails32/gems/faye-0.8.2/lib/faye/transport/transport.rb:60:in `each'
    /Users/samuel/.rvm/gems/ruby-1.9.3-p125-perf@rails32/gems/faye-0.8.2/lib/faye/transport/transport.rb:60:in `receive'
    /Users/samuel/.rvm/gems/ruby-1.9.3-p125-perf@rails32/gems/faye-0.8.2/lib/faye/transport/local.rb:15:in `block in request'
    /Users/samuel/.rvm/gems/ruby-1.9.3-p125-perf@rails32/gems/faye-0.8.2/lib/faye/protocol/server.rb:44:in `call'
    /Users/samuel/.rvm/gems/ruby-1.9.3-p125-perf@rails32/gems/faye-0.8.2/lib/faye/protocol/server.rb:44:in `block in process'
    /Users/samuel/.rvm/gems/ruby-1.9.3-p125-perf@rails32/gems/faye-0.8.2/lib/faye/protocol/server.rb:56:in `call'
    /Users/samuel/.rvm/gems/ruby-1.9.3-p125-perf@rails32/gems/faye-0.8.2/lib/faye/protocol/server.rb:56:in `block (3 levels) in process'
    /Users/samuel/.rvm/gems/ruby-1.9.3-p125-perf@rails32/gems/faye-0.8.2/lib/faye/protocol/extensible.rb:23:in `call'
    /Users/samuel/.rvm/gems/ruby-1.9.3-p125-perf@rails32/gems/faye-0.8.2/lib/faye/protocol/extensible.rb:23:in `pipe_through_extensions'
    /Users/samuel/.rvm/gems/ruby-1.9.3-p125-perf@rails32/gems/faye-0.8.2/lib/faye/protocol/server.rb:53:in `block (2 levels) in process'
    /Users/samuel/.rvm/gems/ruby-1.9.3-p125-perf@rails32/gems/faye-0.8.2/lib/faye/protocol/server.rb:51:in `each'
    /Users/samuel/.rvm/gems/ruby-1.9.3-p125-perf@rails32/gems/faye-0.8.2/lib/faye/protocol/server.rb:51:in `each_with_index'
    /Users/samuel/.rvm/gems/ruby-1.9.3-p125-perf@rails32/gems/faye-0.8.2/lib/faye/protocol/server.rb:51:in `block in process'
    /Users/samuel/.rvm/gems/ruby-1.9.3-p125-perf@rails32/gems/faye-0.8.2/lib/faye/protocol/server.rb:108:in `call'
    /Users/samuel/.rvm/gems/ruby-1.9.3-p125-perf@rails32/gems/faye-0.8.2/lib/faye/protocol/server.rb:108:in `block in handle_meta'
    /Users/samuel/.rvm/gems/ruby-1.9.3-p125-perf@rails32/gems/faye-0.8.2/lib/faye/protocol/server.rb:196:in `call'
    /Users/samuel/.rvm/gems/ruby-1.9.3-p125-perf@rails32/gems/faye-0.8.2/lib/faye/protocol/server.rb:196:in `block (2 levels) in connect'
    /Users/samuel/.rvm/gems/ruby-1.9.3-p125-perf@rails32/gems/eventmachine-0.12.10/lib/em/deferrable.rb:134:in `call'
    /Users/samuel/.rvm/gems/ruby-1.9.3-p125-perf@rails32/gems/eventmachine-0.12.10/lib/em/deferrable.rb:134:in `set_deferred_status'
    /Users/samuel/.rvm/gems/ruby-1.9.3-p125-perf@rails32/gems/faye-0.8.2/lib/faye/engines/connection.rb:36:in `flush!'
    /Users/samuel/.rvm/gems/ruby-1.9.3-p125-perf@rails32/gems/faye-0.8.2/lib/faye/engines/connection.rb:50:in `block in begin_delivery_timeout'
    /Users/samuel/.rvm/gems/ruby-1.9.3-p125-perf@rails32/gems/faye-0.8.2/lib/faye/mixins/timeouts.rb:9:in `call'
    /Users/samuel/.rvm/gems/ruby-1.9.3-p125-perf@rails32/gems/faye-0.8.2/lib/faye/mixins/timeouts.rb:9:in `block in add_timeout'
    /Users/samuel/.rvm/gems/ruby-1.9.3-p125-perf@rails32/gems/eventmachine-0.12.10/lib/eventmachine.rb:256:in `call'
    /Users/samuel/.rvm/gems/ruby-1.9.3-p125-perf@rails32/gems/eventmachine-0.12.10/lib/eventmachine.rb:256:in `run_machine'
    /Users/samuel/.rvm/gems/ruby-1.9.3-p125-perf@rails32/gems/eventmachine-0.12.10/lib/eventmachine.rb:256:in `run'
    /Users/samuel/Documents/rug/2011-2012/thesis/nomad/faye/server.rb:26:in `run'
    /Users/samuel/Documents/rug/2011-2012/thesis/nomad/lib/tasks/faye.rake:7:in `block in <top (required)>'
    /Users/samuel/.rvm/gems/ruby-1.9.3-p125-perf@global/gems/rake-0.9.2.2/lib/rake/task.rb:205:in `call'
    /Users/samuel/.rvm/gems/ruby-1.9.3-p125-perf@global/gems/rake-0.9.2.2/lib/rake/task.rb:205:in `block in execute'
    /Users/samuel/.rvm/gems/ruby-1.9.3-p125-perf@global/gems/rake-0.9.2.2/lib/rake/task.rb:200:in `each'
    /Users/samuel/.rvm/gems/ruby-1.9.3-p125-perf@global/gems/rake-0.9.2.2/lib/rake/task.rb:200:in `execute'
    /Users/samuel/.rvm/gems/ruby-1.9.3-p125-perf@global/gems/rake-0.9.2.2/lib/rake/task.rb:158:in `block in invoke_with_call_chain'
    /Users/samuel/.rvm/rubies/ruby-1.9.3-p125-perf/lib/ruby/1.9.1/monitor.rb:211:in `mon_synchronize'
    /Users/samuel/.rvm/gems/ruby-1.9.3-p125-perf@global/gems/rake-0.9.2.2/lib/rake/task.rb:151:in `invoke_with_call_chain'
    /Users/samuel/.rvm/gems/ruby-1.9.3-p125-perf@global/gems/rake-0.9.2.2/lib/rake/task.rb:144:in `invoke'
    /Users/samuel/.rvm/gems/ruby-1.9.3-p125-perf@global/gems/rake-0.9.2.2/lib/rake/application.rb:116:in `invoke_task'
    /Users/samuel/.rvm/gems/ruby-1.9.3-p125-perf@global/gems/rake-0.9.2.2/lib/rake/application.rb:94:in `block (2 levels) in top_level'
    /Users/samuel/.rvm/gems/ruby-1.9.3-p125-perf@global/gems/rake-0.9.2.2/lib/rake/application.rb:94:in `each'
    /Users/samuel/.rvm/gems/ruby-1.9.3-p125-perf@global/gems/rake-0.9.2.2/lib/rake/application.rb:94:in `block in top_level'
    /Users/samuel/.rvm/gems/ruby-1.9.3-p125-perf@global/gems/rake-0.9.2.2/lib/rake/application.rb:133:in `standard_exception_handling'
    /Users/samuel/.rvm/gems/ruby-1.9.3-p125-perf@global/gems/rake-0.9.2.2/lib/rake/application.rb:88:in `top_level'
    /Users/samuel/.rvm/gems/ruby-1.9.3-p125-perf@global/gems/rake-0.9.2.2/lib/rake/application.rb:66:in `block in run'
    /Users/samuel/.rvm/gems/ruby-1.9.3-p125-perf@global/gems/rake-0.9.2.2/lib/rake/application.rb:133:in `standard_exception_handling'
    /Users/samuel/.rvm/gems/ruby-1.9.3-p125-perf@global/gems/rake-0.9.2.2/lib/rake/application.rb:63:in `run'
    /Users/samuel/.rvm/gems/ruby-1.9.3-p125-perf@global/gems/rake-0.9.2.2/bin/rake:33:in `<top (required)>'
    /Users/samuel/.rvm/gems/ruby-1.9.3-p125-perf@global/bin/rake:19:in `load'
    /Users/samuel/.rvm/gems/ruby-1.9.3-p125-perf@global/bin/rake:19:in `<main>'
2012-05-22 14:31:54 [ERROR] [SyncServer] Error during event loop: NameError (wrong constant name test_channel):
    activesupport (3.2.1) lib/active_support/inflector/methods.rb:229:in `const_definednil'
    activesupport (3.2.1) lib/active_support/inflector/methods.rb:229:in `block in constantize'
    activesupport (3.2.1) lib/active_support/inflector/methods.rb:228:in `each'
    activesupport (3.2.1) lib/active_support/inflector/methods.rb:228:in `constantize'
    activesupport (3.2.1) lib/active_support/core_ext/string/inflections.rb:54:in `constantize'
    faye/client.rb:15:in `on_server_message'
    faye/client.rb:10:in `block in subscribe'
    faye (0.8.2) lib/faye/mixins/publisher.rb:25:in `call'
    faye (0.8.2) lib/faye/mixins/publisher.rb:25:in `block in trigger'
    faye (0.8.2) lib/faye/mixins/publisher.rb:25:in `each'
    faye (0.8.2) lib/faye/mixins/publisher.rb:25:in `trigger'
    faye (0.8.2) lib/faye/protocol/channel.rb:117:in `block in distribute_message'
    faye (0.8.2) lib/faye/protocol/channel.rb:115:in `each'
    faye (0.8.2) lib/faye/protocol/channel.rb:115:in `distribute_message'
    faye (0.8.2) lib/faye/protocol/client.rb:362:in `deliver_message'
    faye (0.8.2) lib/faye/protocol/client.rb:298:in `block in receive_message'
    faye (0.8.2) lib/faye/protocol/extensible.rb:23:in `call'
    faye (0.8.2) lib/faye/protocol/extensible.rb:23:in `pipe_through_extensions'
    faye (0.8.2) lib/faye/protocol/client.rb:294:in `receive_message'
    faye (0.8.2) lib/faye/transport/transport.rb:60:in `block in receive'
    faye (0.8.2) lib/faye/transport/transport.rb:60:in `each'
    faye (0.8.2) lib/faye/transport/transport.rb:60:in `receive'
    faye (0.8.2) lib/faye/transport/local.rb:15:in `block in request'
    faye (0.8.2) lib/faye/protocol/server.rb:44:in `call'
    faye (0.8.2) lib/faye/protocol/server.rb:44:in `block in process'
    faye (0.8.2) lib/faye/protocol/server.rb:56:in `call'
    faye (0.8.2) lib/faye/protocol/server.rb:56:in `block (3 levels) in process'
    faye (0.8.2) lib/faye/protocol/extensible.rb:23:in `call'
    faye (0.8.2) lib/faye/protocol/extensible.rb:23:in `pipe_through_extensions'
    faye (0.8.2) lib/faye/protocol/server.rb:53:in `block (2 levels) in process'
    faye (0.8.2) lib/faye/protocol/server.rb:51:in `each'
    faye (0.8.2) lib/faye/protocol/server.rb:51:in `each_with_index'
    faye (0.8.2) lib/faye/protocol/server.rb:51:in `block in process'
    faye (0.8.2) lib/faye/protocol/server.rb:108:in `call'
    faye (0.8.2) lib/faye/protocol/server.rb:108:in `block in handle_meta'
    faye (0.8.2) lib/faye/protocol/server.rb:196:in `call'
    faye (0.8.2) lib/faye/protocol/server.rb:196:in `block (2 levels) in connect'
    eventmachine (0.12.10) lib/em/deferrable.rb:134:in `call'
    eventmachine (0.12.10) lib/em/deferrable.rb:134:in `set_deferred_status'
    faye (0.8.2) lib/faye/engines/connection.rb:36:in `flush!'
    faye (0.8.2) lib/faye/engines/connection.rb:50:in `block in begin_delivery_timeout'
    faye (0.8.2) lib/faye/mixins/timeouts.rb:9:in `call'
    faye (0.8.2) lib/faye/mixins/timeouts.rb:9:in `block in add_timeout'
    eventmachine (0.12.10) lib/eventmachine.rb:256:in `call'
    eventmachine (0.12.10) lib/eventmachine.rb:256:in `run_machine'
    eventmachine (0.12.10) lib/eventmachine.rb:256:in `run'
    faye/server.rb:28:in `run'
    lib/tasks/faye.rake:7:in `block in <top (required)>'
    rake (0.9.2.2) lib/rake/task.rb:205:in `call'
    rake (0.9.2.2) lib/rake/task.rb:205:in `block in execute'
    rake (0.9.2.2) lib/rake/task.rb:200:in `each'
    rake (0.9.2.2) lib/rake/task.rb:200:in `execute'
    rake (0.9.2.2) lib/rake/task.rb:158:in `block in invoke_with_call_chain'
    /Users/samuel/.rvm/rubies/ruby-1.9.3-p125-perf/lib/ruby/1.9.1/monitor.rb:211:in `mon_synchronize'
    rake (0.9.2.2) lib/rake/task.rb:151:in `invoke_with_call_chain'
    rake (0.9.2.2) lib/rake/task.rb:144:in `invoke'
    rake (0.9.2.2) lib/rake/application.rb:116:in `invoke_task'
    rake (0.9.2.2) lib/rake/application.rb:94:in `block (2 levels) in top_level'
    rake (0.9.2.2) lib/rake/application.rb:94:in `each'
    rake (0.9.2.2) lib/rake/application.rb:94:in `block in top_level'
    rake (0.9.2.2) lib/rake/application.rb:133:in `standard_exception_handling'
    rake (0.9.2.2) lib/rake/application.rb:88:in `top_level'
    rake (0.9.2.2) lib/rake/application.rb:66:in `block in run'
    rake (0.9.2.2) lib/rake/application.rb:133:in `standard_exception_handling'
    rake (0.9.2.2) lib/rake/application.rb:63:in `run'
    rake (0.9.2.2) bin/rake:33:in `<top (required)>'
    /Users/samuel/.rvm/gems/ruby-1.9.3-p125-perf@global/bin/rake:19:in `load'
    /Users/samuel/.rvm/gems/ruby-1.9.3-p125-perf@global/bin/rake:19:in `<main>'
2012-05-22 14:32:31 [ERROR] [SyncServer] Error during event loop: NameError (wrong constant name test_channel):
    activesupport (3.2.1) lib/active_support/inflector/methods.rb:229:in `const_definednil'
    activesupport (3.2.1) lib/active_support/inflector/methods.rb:229:in `block in constantize'
    activesupport (3.2.1) lib/active_support/inflector/methods.rb:228:in `each'
    activesupport (3.2.1) lib/active_support/inflector/methods.rb:228:in `constantize'
    activesupport (3.2.1) lib/active_support/core_ext/string/inflections.rb:54:in `constantize'
    faye/client.rb:15:in `on_server_message'
    faye/client.rb:10:in `block in subscribe'
    faye (0.8.2) lib/faye/mixins/publisher.rb:25:in `call'
    faye (0.8.2) lib/faye/mixins/publisher.rb:25:in `block in trigger'
    faye (0.8.2) lib/faye/mixins/publisher.rb:25:in `each'
    faye (0.8.2) lib/faye/mixins/publisher.rb:25:in `trigger'
    faye (0.8.2) lib/faye/protocol/channel.rb:117:in `block in distribute_message'
    faye (0.8.2) lib/faye/protocol/channel.rb:115:in `each'
    faye (0.8.2) lib/faye/protocol/channel.rb:115:in `distribute_message'
    faye (0.8.2) lib/faye/protocol/client.rb:362:in `deliver_message'
    faye (0.8.2) lib/faye/protocol/client.rb:298:in `block in receive_message'
    faye (0.8.2) lib/faye/protocol/extensible.rb:23:in `call'
    faye (0.8.2) lib/faye/protocol/extensible.rb:23:in `pipe_through_extensions'
    faye (0.8.2) lib/faye/protocol/client.rb:294:in `receive_message'
    faye (0.8.2) lib/faye/transport/transport.rb:60:in `block in receive'
    faye (0.8.2) lib/faye/transport/transport.rb:60:in `each'
    faye (0.8.2) lib/faye/transport/transport.rb:60:in `receive'
    faye (0.8.2) lib/faye/transport/local.rb:15:in `block in request'
    faye (0.8.2) lib/faye/protocol/server.rb:44:in `call'
    faye (0.8.2) lib/faye/protocol/server.rb:44:in `block in process'
    faye (0.8.2) lib/faye/protocol/server.rb:56:in `call'
    faye (0.8.2) lib/faye/protocol/server.rb:56:in `block (3 levels) in process'
    faye (0.8.2) lib/faye/protocol/extensible.rb:23:in `call'
    faye (0.8.2) lib/faye/protocol/extensible.rb:23:in `pipe_through_extensions'
    faye (0.8.2) lib/faye/protocol/server.rb:53:in `block (2 levels) in process'
    faye (0.8.2) lib/faye/protocol/server.rb:51:in `each'
    faye (0.8.2) lib/faye/protocol/server.rb:51:in `each_with_index'
    faye (0.8.2) lib/faye/protocol/server.rb:51:in `block in process'
    faye (0.8.2) lib/faye/protocol/server.rb:108:in `call'
    faye (0.8.2) lib/faye/protocol/server.rb:108:in `block in handle_meta'
    faye (0.8.2) lib/faye/protocol/server.rb:196:in `call'
    faye (0.8.2) lib/faye/protocol/server.rb:196:in `block (2 levels) in connect'
    eventmachine (0.12.10) lib/em/deferrable.rb:134:in `call'
    eventmachine (0.12.10) lib/em/deferrable.rb:134:in `set_deferred_status'
    faye (0.8.2) lib/faye/engines/connection.rb:36:in `flush!'
    faye (0.8.2) lib/faye/engines/connection.rb:50:in `block in begin_delivery_timeout'
    faye (0.8.2) lib/faye/mixins/timeouts.rb:9:in `call'
    faye (0.8.2) lib/faye/mixins/timeouts.rb:9:in `block in add_timeout'
    eventmachine (0.12.10) lib/eventmachine.rb:256:in `call'
    eventmachine (0.12.10) lib/eventmachine.rb:256:in `run_machine'
    eventmachine (0.12.10) lib/eventmachine.rb:256:in `run'
    faye/server.rb:28:in `run'
    spec/spec_helper.rb:43:in `block (2 levels) in <top (required)>'
    daemons (1.1.8) lib/daemons/application.rb:254:in `call'
    daemons (1.1.8) lib/daemons/application.rb:254:in `block in start_proc'
    daemons (1.1.8) lib/daemons/daemonize.rb:79:in `call'
    daemons (1.1.8) lib/daemons/daemonize.rb:79:in `call_as_daemon'
    daemons (1.1.8) lib/daemons/application.rb:258:in `start_proc'
    daemons (1.1.8) lib/daemons/application.rb:295:in `start'
    daemons (1.1.8) lib/daemons.rb:252:in `call'
    spec/spec_helper.rb:42:in `block in <top (required)>'
    spork (0.9.2) lib/spork.rb:24:in `prefork'
    spec/spec_helper.rb:6:in `<top (required)>'
    activesupport (3.2.1) lib/active_support/dependencies.rb:245:in `load'
    activesupport (3.2.1) lib/active_support/dependencies.rb:245:in `block in load'
    activesupport (3.2.1) lib/active_support/dependencies.rb:236:in `load_dependency'
    activesupport (3.2.1) lib/active_support/dependencies.rb:245:in `load'
    spork (0.9.2) lib/spork/test_framework.rb:138:in `block (2 levels) in preload'
    spork (0.9.2) lib/spork/app_framework/rails.rb:8:in `preload'
    spork (0.9.2) lib/spork/test_framework.rb:134:in `block in preload'
    spork (0.9.2) lib/spork.rb:62:in `exec_prefork'
    spork (0.9.2) lib/spork/test_framework.rb:120:in `preload'
    spork (0.9.2) lib/spork/run_strategy/forking.rb:25:in `preload'
    spork (0.9.2) lib/spork/runner.rb:74:in `run'
    spork (0.9.2) lib/spork/runner.rb:10:in `run'
    spork (0.9.2) bin/spork:10:in `<top (required)>'
    /Users/samuel/.rvm/gems/ruby-1.9.3-p125-perf@rails32/bin/spork:23:in `load'
    /Users/samuel/.rvm/gems/ruby-1.9.3-p125-perf@rails32/bin/spork:23:in `<main>'
2012-05-22 14:32:47 [ERROR] [SyncServer] Error during event loop: NameError (wrong constant name test_channel):
    activesupport (3.2.1) lib/active_support/inflector/methods.rb:229:in `const_definednil'
    activesupport (3.2.1) lib/active_support/inflector/methods.rb:229:in `block in constantize'
    activesupport (3.2.1) lib/active_support/inflector/methods.rb:228:in `each'
    activesupport (3.2.1) lib/active_support/inflector/methods.rb:228:in `constantize'
    activesupport (3.2.1) lib/active_support/core_ext/string/inflections.rb:54:in `constantize'
    faye/client.rb:15:in `on_server_message'
    faye/client.rb:10:in `block in subscribe'
    faye (0.8.2) lib/faye/mixins/publisher.rb:25:in `call'
    faye (0.8.2) lib/faye/mixins/publisher.rb:25:in `block in trigger'
    faye (0.8.2) lib/faye/mixins/publisher.rb:25:in `each'
    faye (0.8.2) lib/faye/mixins/publisher.rb:25:in `trigger'
    faye (0.8.2) lib/faye/protocol/channel.rb:117:in `block in distribute_message'
    faye (0.8.2) lib/faye/protocol/channel.rb:115:in `each'
    faye (0.8.2) lib/faye/protocol/channel.rb:115:in `distribute_message'
    faye (0.8.2) lib/faye/protocol/client.rb:362:in `deliver_message'
    faye (0.8.2) lib/faye/protocol/client.rb:298:in `block in receive_message'
    faye (0.8.2) lib/faye/protocol/extensible.rb:23:in `call'
    faye (0.8.2) lib/faye/protocol/extensible.rb:23:in `pipe_through_extensions'
    faye (0.8.2) lib/faye/protocol/client.rb:294:in `receive_message'
    faye (0.8.2) lib/faye/transport/transport.rb:60:in `block in receive'
    faye (0.8.2) lib/faye/transport/transport.rb:60:in `each'
    faye (0.8.2) lib/faye/transport/transport.rb:60:in `receive'
    faye (0.8.2) lib/faye/transport/local.rb:15:in `block in request'
    faye (0.8.2) lib/faye/protocol/server.rb:44:in `call'
    faye (0.8.2) lib/faye/protocol/server.rb:44:in `block in process'
    faye (0.8.2) lib/faye/protocol/server.rb:56:in `call'
    faye (0.8.2) lib/faye/protocol/server.rb:56:in `block (3 levels) in process'
    faye (0.8.2) lib/faye/protocol/extensible.rb:23:in `call'
    faye (0.8.2) lib/faye/protocol/extensible.rb:23:in `pipe_through_extensions'
    faye (0.8.2) lib/faye/protocol/server.rb:53:in `block (2 levels) in process'
    faye (0.8.2) lib/faye/protocol/server.rb:51:in `each'
    faye (0.8.2) lib/faye/protocol/server.rb:51:in `each_with_index'
    faye (0.8.2) lib/faye/protocol/server.rb:51:in `block in process'
    faye (0.8.2) lib/faye/protocol/server.rb:108:in `call'
    faye (0.8.2) lib/faye/protocol/server.rb:108:in `block in handle_meta'
    faye (0.8.2) lib/faye/protocol/server.rb:196:in `call'
    faye (0.8.2) lib/faye/protocol/server.rb:196:in `block (2 levels) in connect'
    eventmachine (0.12.10) lib/em/deferrable.rb:134:in `call'
    eventmachine (0.12.10) lib/em/deferrable.rb:134:in `set_deferred_status'
    faye (0.8.2) lib/faye/engines/connection.rb:36:in `flush!'
    faye (0.8.2) lib/faye/engines/connection.rb:50:in `block in begin_delivery_timeout'
    faye (0.8.2) lib/faye/mixins/timeouts.rb:9:in `call'
    faye (0.8.2) lib/faye/mixins/timeouts.rb:9:in `block in add_timeout'
    eventmachine (0.12.10) lib/eventmachine.rb:256:in `call'
    eventmachine (0.12.10) lib/eventmachine.rb:256:in `run_machine'
    eventmachine (0.12.10) lib/eventmachine.rb:256:in `run'
    faye/server.rb:28:in `run'
    spec/spec_helper.rb:43:in `block (2 levels) in <top (required)>'
    daemons (1.1.8) lib/daemons/application.rb:254:in `call'
    daemons (1.1.8) lib/daemons/application.rb:254:in `block in start_proc'
    daemons (1.1.8) lib/daemons/daemonize.rb:79:in `call'
    daemons (1.1.8) lib/daemons/daemonize.rb:79:in `call_as_daemon'
    daemons (1.1.8) lib/daemons/application.rb:258:in `start_proc'
    daemons (1.1.8) lib/daemons/application.rb:295:in `start'
    daemons (1.1.8) lib/daemons.rb:252:in `call'
    spec/spec_helper.rb:42:in `block in <top (required)>'
    spork (0.9.2) lib/spork.rb:24:in `prefork'
    spec/spec_helper.rb:6:in `<top (required)>'
    activesupport (3.2.1) lib/active_support/dependencies.rb:245:in `load'
    activesupport (3.2.1) lib/active_support/dependencies.rb:245:in `block in load'
    activesupport (3.2.1) lib/active_support/dependencies.rb:236:in `load_dependency'
    activesupport (3.2.1) lib/active_support/dependencies.rb:245:in `load'
    spork (0.9.2) lib/spork/test_framework.rb:138:in `block (2 levels) in preload'
    spork (0.9.2) lib/spork/app_framework/rails.rb:8:in `preload'
    spork (0.9.2) lib/spork/test_framework.rb:134:in `block in preload'
    spork (0.9.2) lib/spork.rb:62:in `exec_prefork'
    spork (0.9.2) lib/spork/test_framework.rb:120:in `preload'
    spork (0.9.2) lib/spork/run_strategy/forking.rb:25:in `preload'
    spork (0.9.2) lib/spork/runner.rb:74:in `run'
    spork (0.9.2) lib/spork/runner.rb:10:in `run'
    spork (0.9.2) bin/spork:10:in `<top (required)>'
    /Users/samuel/.rvm/gems/ruby-1.9.3-p125-perf@rails32/bin/spork:23:in `load'
    /Users/samuel/.rvm/gems/ruby-1.9.3-p125-perf@rails32/bin/spork:23:in `<main>'
2012-05-22 14:34:40 [ERROR] [SyncServer] Error during event loop: NameError (wrong constant name test_channel):
    activesupport (3.2.1) lib/active_support/inflector/methods.rb:229:in `const_definednil'
    activesupport (3.2.1) lib/active_support/inflector/methods.rb:229:in `block in constantize'
    activesupport (3.2.1) lib/active_support/inflector/methods.rb:228:in `each'
    activesupport (3.2.1) lib/active_support/inflector/methods.rb:228:in `constantize'
    activesupport (3.2.1) lib/active_support/core_ext/string/inflections.rb:54:in `constantize'
    faye/client.rb:15:in `on_server_message'
    faye/client.rb:10:in `block in subscribe'
    faye (0.8.2) lib/faye/mixins/publisher.rb:25:in `call'
    faye (0.8.2) lib/faye/mixins/publisher.rb:25:in `block in trigger'
    faye (0.8.2) lib/faye/mixins/publisher.rb:25:in `each'
    faye (0.8.2) lib/faye/mixins/publisher.rb:25:in `trigger'
    faye (0.8.2) lib/faye/protocol/channel.rb:117:in `block in distribute_message'
    faye (0.8.2) lib/faye/protocol/channel.rb:115:in `each'
    faye (0.8.2) lib/faye/protocol/channel.rb:115:in `distribute_message'
    faye (0.8.2) lib/faye/protocol/client.rb:362:in `deliver_message'
    faye (0.8.2) lib/faye/protocol/client.rb:298:in `block in receive_message'
    faye (0.8.2) lib/faye/protocol/extensible.rb:23:in `call'
    faye (0.8.2) lib/faye/protocol/extensible.rb:23:in `pipe_through_extensions'
    faye (0.8.2) lib/faye/protocol/client.rb:294:in `receive_message'
    faye (0.8.2) lib/faye/transport/transport.rb:60:in `block in receive'
    faye (0.8.2) lib/faye/transport/transport.rb:60:in `each'
    faye (0.8.2) lib/faye/transport/transport.rb:60:in `receive'
    faye (0.8.2) lib/faye/transport/local.rb:15:in `block in request'
    faye (0.8.2) lib/faye/protocol/server.rb:44:in `call'
    faye (0.8.2) lib/faye/protocol/server.rb:44:in `block in process'
    faye (0.8.2) lib/faye/protocol/server.rb:56:in `call'
    faye (0.8.2) lib/faye/protocol/server.rb:56:in `block (3 levels) in process'
    faye (0.8.2) lib/faye/protocol/extensible.rb:23:in `call'
    faye (0.8.2) lib/faye/protocol/extensible.rb:23:in `pipe_through_extensions'
    faye (0.8.2) lib/faye/protocol/server.rb:53:in `block (2 levels) in process'
    faye (0.8.2) lib/faye/protocol/server.rb:51:in `each'
    faye (0.8.2) lib/faye/protocol/server.rb:51:in `each_with_index'
    faye (0.8.2) lib/faye/protocol/server.rb:51:in `block in process'
    faye (0.8.2) lib/faye/protocol/server.rb:108:in `call'
    faye (0.8.2) lib/faye/protocol/server.rb:108:in `block in handle_meta'
    faye (0.8.2) lib/faye/protocol/server.rb:196:in `call'
    faye (0.8.2) lib/faye/protocol/server.rb:196:in `block (2 levels) in connect'
    eventmachine (0.12.10) lib/em/deferrable.rb:134:in `call'
    eventmachine (0.12.10) lib/em/deferrable.rb:134:in `set_deferred_status'
    faye (0.8.2) lib/faye/engines/connection.rb:36:in `flush!'
    faye (0.8.2) lib/faye/engines/connection.rb:50:in `block in begin_delivery_timeout'
    faye (0.8.2) lib/faye/mixins/timeouts.rb:9:in `call'
    faye (0.8.2) lib/faye/mixins/timeouts.rb:9:in `block in add_timeout'
    eventmachine (0.12.10) lib/eventmachine.rb:256:in `call'
    eventmachine (0.12.10) lib/eventmachine.rb:256:in `run_machine'
    eventmachine (0.12.10) lib/eventmachine.rb:256:in `run'
    faye/server.rb:28:in `run'
    spec/spec_helper.rb:43:in `block (2 levels) in <top (required)>'
    daemons (1.1.8) lib/daemons/application.rb:254:in `call'
    daemons (1.1.8) lib/daemons/application.rb:254:in `block in start_proc'
    daemons (1.1.8) lib/daemons/daemonize.rb:79:in `call'
    daemons (1.1.8) lib/daemons/daemonize.rb:79:in `call_as_daemon'
    daemons (1.1.8) lib/daemons/application.rb:258:in `start_proc'
    daemons (1.1.8) lib/daemons/application.rb:295:in `start'
    daemons (1.1.8) lib/daemons.rb:252:in `call'
    spec/spec_helper.rb:42:in `block in <top (required)>'
    spork (0.9.2) lib/spork.rb:24:in `prefork'
    spec/spec_helper.rb:6:in `<top (required)>'
    activesupport (3.2.1) lib/active_support/dependencies.rb:245:in `load'
    activesupport (3.2.1) lib/active_support/dependencies.rb:245:in `block in load'
    activesupport (3.2.1) lib/active_support/dependencies.rb:236:in `load_dependency'
    activesupport (3.2.1) lib/active_support/dependencies.rb:245:in `load'
    spork (0.9.2) lib/spork/test_framework.rb:138:in `block (2 levels) in preload'
    spork (0.9.2) lib/spork/app_framework/rails.rb:8:in `preload'
    spork (0.9.2) lib/spork/test_framework.rb:134:in `block in preload'
    spork (0.9.2) lib/spork.rb:62:in `exec_prefork'
    spork (0.9.2) lib/spork/test_framework.rb:120:in `preload'
    spork (0.9.2) lib/spork/run_strategy/forking.rb:25:in `preload'
    spork (0.9.2) lib/spork/runner.rb:74:in `run'
    spork (0.9.2) lib/spork/runner.rb:10:in `run'
    spork (0.9.2) bin/spork:10:in `<top (required)>'
    /Users/samuel/.rvm/gems/ruby-1.9.3-p125-perf@rails32/bin/spork:23:in `load'
    /Users/samuel/.rvm/gems/ruby-1.9.3-p125-perf@rails32/bin/spork:23:in `<main>'
2012-05-22 14:35:00 [ERROR] [SyncServer] Error during event loop: NameError (wrong constant name test_channel):
    activesupport (3.2.1) lib/active_support/inflector/methods.rb:229:in `const_definednil'
    activesupport (3.2.1) lib/active_support/inflector/methods.rb:229:in `block in constantize'
    activesupport (3.2.1) lib/active_support/inflector/methods.rb:228:in `each'
    activesupport (3.2.1) lib/active_support/inflector/methods.rb:228:in `constantize'
    activesupport (3.2.1) lib/active_support/core_ext/string/inflections.rb:54:in `constantize'
    faye/client.rb:15:in `on_server_message'
    faye/client.rb:10:in `block in subscribe'
    faye (0.8.2) lib/faye/mixins/publisher.rb:25:in `call'
    faye (0.8.2) lib/faye/mixins/publisher.rb:25:in `block in trigger'
    faye (0.8.2) lib/faye/mixins/publisher.rb:25:in `each'
    faye (0.8.2) lib/faye/mixins/publisher.rb:25:in `trigger'
    faye (0.8.2) lib/faye/protocol/channel.rb:117:in `block in distribute_message'
    faye (0.8.2) lib/faye/protocol/channel.rb:115:in `each'
    faye (0.8.2) lib/faye/protocol/channel.rb:115:in `distribute_message'
    faye (0.8.2) lib/faye/protocol/client.rb:362:in `deliver_message'
    faye (0.8.2) lib/faye/protocol/client.rb:298:in `block in receive_message'
    faye (0.8.2) lib/faye/protocol/extensible.rb:23:in `call'
    faye (0.8.2) lib/faye/protocol/extensible.rb:23:in `pipe_through_extensions'
    faye (0.8.2) lib/faye/protocol/client.rb:294:in `receive_message'
    faye (0.8.2) lib/faye/transport/transport.rb:60:in `block in receive'
    faye (0.8.2) lib/faye/transport/transport.rb:60:in `each'
    faye (0.8.2) lib/faye/transport/transport.rb:60:in `receive'
    faye (0.8.2) lib/faye/transport/local.rb:15:in `block in request'
    faye (0.8.2) lib/faye/protocol/server.rb:44:in `call'
    faye (0.8.2) lib/faye/protocol/server.rb:44:in `block in process'
    faye (0.8.2) lib/faye/protocol/server.rb:56:in `call'
    faye (0.8.2) lib/faye/protocol/server.rb:56:in `block (3 levels) in process'
    faye (0.8.2) lib/faye/protocol/extensible.rb:23:in `call'
    faye (0.8.2) lib/faye/protocol/extensible.rb:23:in `pipe_through_extensions'
    faye (0.8.2) lib/faye/protocol/server.rb:53:in `block (2 levels) in process'
    faye (0.8.2) lib/faye/protocol/server.rb:51:in `each'
    faye (0.8.2) lib/faye/protocol/server.rb:51:in `each_with_index'
    faye (0.8.2) lib/faye/protocol/server.rb:51:in `block in process'
    faye (0.8.2) lib/faye/protocol/server.rb:108:in `call'
    faye (0.8.2) lib/faye/protocol/server.rb:108:in `block in handle_meta'
    faye (0.8.2) lib/faye/protocol/server.rb:196:in `call'
    faye (0.8.2) lib/faye/protocol/server.rb:196:in `block (2 levels) in connect'
    eventmachine (0.12.10) lib/em/deferrable.rb:134:in `call'
    eventmachine (0.12.10) lib/em/deferrable.rb:134:in `set_deferred_status'
    faye (0.8.2) lib/faye/engines/connection.rb:36:in `flush!'
    faye (0.8.2) lib/faye/engines/connection.rb:50:in `block in begin_delivery_timeout'
    faye (0.8.2) lib/faye/mixins/timeouts.rb:9:in `call'
    faye (0.8.2) lib/faye/mixins/timeouts.rb:9:in `block in add_timeout'
    eventmachine (0.12.10) lib/eventmachine.rb:256:in `call'
    eventmachine (0.12.10) lib/eventmachine.rb:256:in `run_machine'
    eventmachine (0.12.10) lib/eventmachine.rb:256:in `run'
    faye/server.rb:28:in `run'
    spec/spec_helper.rb:43:in `block (2 levels) in <top (required)>'
    daemons (1.1.8) lib/daemons/application.rb:254:in `call'
    daemons (1.1.8) lib/daemons/application.rb:254:in `block in start_proc'
    daemons (1.1.8) lib/daemons/daemonize.rb:79:in `call'
    daemons (1.1.8) lib/daemons/daemonize.rb:79:in `call_as_daemon'
    daemons (1.1.8) lib/daemons/application.rb:258:in `start_proc'
    daemons (1.1.8) lib/daemons/application.rb:295:in `start'
    daemons (1.1.8) lib/daemons.rb:252:in `call'
    spec/spec_helper.rb:42:in `block in <top (required)>'
    spork (0.9.2) lib/spork.rb:24:in `prefork'
    spec/spec_helper.rb:6:in `<top (required)>'
    activesupport (3.2.1) lib/active_support/dependencies.rb:245:in `load'
    activesupport (3.2.1) lib/active_support/dependencies.rb:245:in `block in load'
    activesupport (3.2.1) lib/active_support/dependencies.rb:236:in `load_dependency'
    activesupport (3.2.1) lib/active_support/dependencies.rb:245:in `load'
    spork (0.9.2) lib/spork/test_framework.rb:138:in `block (2 levels) in preload'
    spork (0.9.2) lib/spork/app_framework/rails.rb:8:in `preload'
    spork (0.9.2) lib/spork/test_framework.rb:134:in `block in preload'
    spork (0.9.2) lib/spork.rb:62:in `exec_prefork'
    spork (0.9.2) lib/spork/test_framework.rb:120:in `preload'
    spork (0.9.2) lib/spork/run_strategy/forking.rb:25:in `preload'
    spork (0.9.2) lib/spork/runner.rb:74:in `run'
    spork (0.9.2) lib/spork/runner.rb:10:in `run'
    spork (0.9.2) bin/spork:10:in `<top (required)>'
    /Users/samuel/.rvm/gems/ruby-1.9.3-p125-perf@rails32/bin/spork:23:in `load'
    /Users/samuel/.rvm/gems/ruby-1.9.3-p125-perf@rails32/bin/spork:23:in `<main>'
2012-05-22 14:40:26 [ERROR] [ServerSideClient] Is Rails defined: "constant"
2012-05-22 14:40:56 [ERROR] [ServerSideClient] Is Rails defined: "constant"
2012-05-22 14:41:46 [ERROR] [SyncServer] Error during event loop: NameError (undefined method `safe_constantize' for class `ServerSideClient'):
    faye/client.rb:15:in `method'
    faye/client.rb:15:in `on_server_message'
    faye/client.rb:10:in `block in subscribe'
    faye (0.8.2) lib/faye/mixins/publisher.rb:25:in `call'
    faye (0.8.2) lib/faye/mixins/publisher.rb:25:in `block in trigger'
    faye (0.8.2) lib/faye/mixins/publisher.rb:25:in `each'
    faye (0.8.2) lib/faye/mixins/publisher.rb:25:in `trigger'
    faye (0.8.2) lib/faye/protocol/channel.rb:117:in `block in distribute_message'
    faye (0.8.2) lib/faye/protocol/channel.rb:115:in `each'
    faye (0.8.2) lib/faye/protocol/channel.rb:115:in `distribute_message'
    faye (0.8.2) lib/faye/protocol/client.rb:362:in `deliver_message'
    faye (0.8.2) lib/faye/protocol/client.rb:298:in `block in receive_message'
    faye (0.8.2) lib/faye/protocol/extensible.rb:23:in `call'
    faye (0.8.2) lib/faye/protocol/extensible.rb:23:in `pipe_through_extensions'
    faye (0.8.2) lib/faye/protocol/client.rb:294:in `receive_message'
    faye (0.8.2) lib/faye/transport/transport.rb:60:in `block in receive'
    faye (0.8.2) lib/faye/transport/transport.rb:60:in `each'
    faye (0.8.2) lib/faye/transport/transport.rb:60:in `receive'
    faye (0.8.2) lib/faye/transport/local.rb:15:in `block in request'
    faye (0.8.2) lib/faye/protocol/server.rb:44:in `call'
    faye (0.8.2) lib/faye/protocol/server.rb:44:in `block in process'
    faye (0.8.2) lib/faye/protocol/server.rb:56:in `call'
    faye (0.8.2) lib/faye/protocol/server.rb:56:in `block (3 levels) in process'
    faye (0.8.2) lib/faye/protocol/extensible.rb:23:in `call'
    faye (0.8.2) lib/faye/protocol/extensible.rb:23:in `pipe_through_extensions'
    faye (0.8.2) lib/faye/protocol/server.rb:53:in `block (2 levels) in process'
    faye (0.8.2) lib/faye/protocol/server.rb:51:in `each'
    faye (0.8.2) lib/faye/protocol/server.rb:51:in `each_with_index'
    faye (0.8.2) lib/faye/protocol/server.rb:51:in `block in process'
    faye (0.8.2) lib/faye/protocol/server.rb:108:in `call'
    faye (0.8.2) lib/faye/protocol/server.rb:108:in `block in handle_meta'
    faye (0.8.2) lib/faye/protocol/server.rb:196:in `call'
    faye (0.8.2) lib/faye/protocol/server.rb:196:in `block (2 levels) in connect'
    eventmachine (0.12.10) lib/em/deferrable.rb:134:in `call'
    eventmachine (0.12.10) lib/em/deferrable.rb:134:in `set_deferred_status'
    faye (0.8.2) lib/faye/engines/connection.rb:36:in `flush!'
    faye (0.8.2) lib/faye/engines/connection.rb:50:in `block in begin_delivery_timeout'
    faye (0.8.2) lib/faye/mixins/timeouts.rb:9:in `call'
    faye (0.8.2) lib/faye/mixins/timeouts.rb:9:in `block in add_timeout'
    eventmachine (0.12.10) lib/eventmachine.rb:256:in `call'
    eventmachine (0.12.10) lib/eventmachine.rb:256:in `run_machine'
    eventmachine (0.12.10) lib/eventmachine.rb:256:in `run'
    faye/server.rb:28:in `run'
    spec/support/faye_server_helper.rb:15:in `block in <top (required)>'
    daemons (1.1.8) lib/daemons/application.rb:254:in `call'
    daemons (1.1.8) lib/daemons/application.rb:254:in `block in start_proc'
    daemons (1.1.8) lib/daemons/daemonize.rb:79:in `call'
    daemons (1.1.8) lib/daemons/daemonize.rb:79:in `call_as_daemon'
    daemons (1.1.8) lib/daemons/application.rb:258:in `start_proc'
    daemons (1.1.8) lib/daemons/application.rb:295:in `start'
    daemons (1.1.8) lib/daemons.rb:252:in `call'
    spec/support/faye_server_helper.rb:14:in `<top (required)>'
    spec/spec_helper.rb:11:in `require_relative'
    spec/spec_helper.rb:11:in `block in <top (required)>'
    spork (0.9.2) lib/spork.rb:24:in `prefork'
    spec/spec_helper.rb:6:in `<top (required)>'
    activesupport (3.2.1) lib/active_support/dependencies.rb:245:in `load'
    activesupport (3.2.1) lib/active_support/dependencies.rb:245:in `block in load'
    activesupport (3.2.1) lib/active_support/dependencies.rb:236:in `load_dependency'
    activesupport (3.2.1) lib/active_support/dependencies.rb:245:in `load'
    spork (0.9.2) lib/spork/test_framework.rb:138:in `block (2 levels) in preload'
    spork (0.9.2) lib/spork/app_framework/rails.rb:8:in `preload'
    spork (0.9.2) lib/spork/test_framework.rb:134:in `block in preload'
    spork (0.9.2) lib/spork.rb:62:in `exec_prefork'
    spork (0.9.2) lib/spork/test_framework.rb:120:in `preload'
    spork (0.9.2) lib/spork/run_strategy/forking.rb:25:in `preload'
    spork (0.9.2) lib/spork/runner.rb:74:in `run'
    spork (0.9.2) lib/spork/runner.rb:10:in `run'
    spork (0.9.2) bin/spork:10:in `<top (required)>'
    /Users/samuel/.rvm/gems/ruby-1.9.3-p125-perf@rails32/bin/spork:23:in `load'
    /Users/samuel/.rvm/gems/ruby-1.9.3-p125-perf@rails32/bin/spork:23:in `<main>'
2012-05-22 14:42:50 [ERROR] [ServerSideClient] Is Rails defined: "false"
2012-05-22 14:43:36 [ERROR] [ServerSideClient] Is Rails defined: nil
2012-05-22 14:44:13 [ERROR] [ServerSideClient] Is Rails defined: Post
